2024-07-26 14:54:36,174 INFO o.a.j.u.JMeterUtils: Setting Locale to en_EN
2024-07-26 14:54:36,206 INFO o.a.j.JMeter: Loading user properties from: user.properties
2024-07-26 14:54:36,206 INFO o.a.j.JMeter: Loading system properties from: system.properties
2024-07-26 14:54:36,206 INFO o.a.j.JMeter: Copyright (c) 1998-2024 The Apache Software Foundation
2024-07-26 14:54:36,206 INFO o.a.j.JMeter: Version 5.6.3
2024-07-26 14:54:36,206 INFO o.a.j.JMeter: java.version=17.0.4.1
2024-07-26 14:54:36,206 INFO o.a.j.JMeter: java.vm.name=Java HotSpot(TM) 64-Bit Server VM
2024-07-26 14:54:36,206 INFO o.a.j.JMeter: os.name=Windows 11
2024-07-26 14:54:36,206 INFO o.a.j.JMeter: os.arch=amd64
2024-07-26 14:54:36,206 INFO o.a.j.JMeter: os.version=10.0
2024-07-26 14:54:36,206 INFO o.a.j.JMeter: file.encoding=Cp1252
2024-07-26 14:54:36,206 INFO o.a.j.JMeter: java.awt.headless=null
2024-07-26 14:54:36,206 INFO o.a.j.JMeter: Max memory     =1073741824
2024-07-26 14:54:36,206 INFO o.a.j.JMeter: Available Processors =8
2024-07-26 14:54:36,222 INFO o.a.j.JMeter: Default Locale=English (EN)
2024-07-26 14:54:36,222 INFO o.a.j.JMeter: JMeter  Locale=English (EN)
2024-07-26 14:54:36,222 INFO o.a.j.JMeter: JMeterHome=D:\IT\apache-jmeter-5.6.3
2024-07-26 14:54:36,222 INFO o.a.j.JMeter: user.dir  =D:\IT\apache-jmeter-5.6.3\bin
2024-07-26 14:54:36,222 INFO o.a.j.JMeter: PWD       =D:\IT\apache-jmeter-5.6.3\bin
2024-07-26 14:54:36,233 INFO o.a.j.JMeter: IP: 192.168.1.4 Name: ISIPL-PUNV-L507 FullName: ISIPL-PUNV-L507
2024-07-26 14:54:36,238 INFO o.a.j.JMeter: Loaded icon properties from org/apache/jmeter/images/icon.properties
2024-07-26 14:54:36,386 INFO o.a.j.JMeterGuiLauncher: Setting LAF to: laf:javax.swing.plaf.metal.MetalLookAndFeel
2024-07-26 14:54:36,938 INFO o.a.j.r.ClassFinder: Will scan jar D:\IT\apache-jmeter-5.6.3\lib\ext\jmeter-plugins-casutg-2.10.jar with filter ExtendsClassFilter [parents=[interface org.apache.jmeter.gui.action.Command], inner=false, contains=null, notContains=null]. Consider exposing JMeter plugins via META-INF/services, and add JMeter-Skip-Class-Scanning=true manifest attribute so JMeter can skip classfile scanning
2024-07-26 14:54:36,953 INFO o.a.j.r.ClassFinder: Will scan jar D:\IT\apache-jmeter-5.6.3\lib\ext\jmeter-plugins-webdriver-4.13.0.0.jar with filter ExtendsClassFilter [parents=[interface org.apache.jmeter.gui.action.Command], inner=false, contains=null, notContains=null]. Consider exposing JMeter plugins via META-INF/services, and add JMeter-Skip-Class-Scanning=true manifest attribute so JMeter can skip classfile scanning
2024-07-26 14:54:36,969 INFO o.a.j.r.ClassFinder: Will scan jar D:\IT\apache-jmeter-5.6.3\lib\ext\jmeter-plugins-manager-1.10.jar with filter ExtendsClassFilter [parents=[interface org.apache.jmeter.gui.action.Command], inner=false, contains=null, notContains=null]. Consider exposing JMeter plugins via META-INF/services, and add JMeter-Skip-Class-Scanning=true manifest attribute so JMeter can skip classfile scanning
2024-07-26 14:54:37,063 INFO o.a.j.r.ClassFinder: Will scan jar D:\IT\apache-jmeter-5.6.3\lib\ext\jmeter-plugins-casutg-2.10.jar with filter ExtendsClassFilter [parents=[interface org.apache.jmeter.gui.plugin.MenuCreator], inner=false, contains=null, notContains=null]. Consider exposing JMeter plugins via META-INF/services, and add JMeter-Skip-Class-Scanning=true manifest attribute so JMeter can skip classfile scanning
2024-07-26 14:54:37,063 INFO o.a.j.r.ClassFinder: Will scan jar D:\IT\apache-jmeter-5.6.3\lib\ext\jmeter-plugins-webdriver-4.13.0.0.jar with filter ExtendsClassFilter [parents=[interface org.apache.jmeter.gui.plugin.MenuCreator], inner=false, contains=null, notContains=null]. Consider exposing JMeter plugins via META-INF/services, and add JMeter-Skip-Class-Scanning=true manifest attribute so JMeter can skip classfile scanning
2024-07-26 14:54:37,063 INFO o.a.j.r.ClassFinder: Will scan jar D:\IT\apache-jmeter-5.6.3\lib\ext\jmeter-plugins-manager-1.10.jar with filter ExtendsClassFilter [parents=[interface org.apache.jmeter.gui.plugin.MenuCreator], inner=false, contains=null, notContains=null]. Consider exposing JMeter plugins via META-INF/services, and add JMeter-Skip-Class-Scanning=true manifest attribute so JMeter can skip classfile scanning
2024-07-26 14:54:37,298 INFO o.j.r.JARSourceHTTP: Found cached repo
2024-07-26 14:54:37,441 INFO o.j.r.PluginManager: Plugins Status: [jpgc-casutg=2.10, jpgc-plugins-manager=1.10, jpgc-webdriver=4.13.0.0, jmeter-core=5.6.3, jmeter-ftp=5.6.3, jmeter-http=5.6.3, jmeter-jdbc=5.6.3, jmeter-jms=5.6.3, jmeter-junit=5.6.3, jmeter-java=5.6.3, jmeter-ldap=5.6.3, jmeter-mail=5.6.3, jmeter-mongodb=5.6.3, jmeter-native=5.6.3, jmeter-tcp=5.6.3, jmeter-components=5.6.3]
2024-07-26 14:54:41,400 INFO o.a.j.s.FileServer: Default base='D:\IT\apache-jmeter-5.6.3\bin'
2024-07-26 14:54:41,400 INFO o.a.j.g.a.Load: Loading file: D:\Other Tasks\Vertex AI - chatbot\chatbot-testing.jmx
2024-07-26 14:54:41,400 INFO o.a.j.s.FileServer: Set new base='D:\Other Tasks\Vertex AI - chatbot'
2024-07-26 14:54:41,526 INFO o.a.j.s.SaveService: Testplan (JMX) version: 2.2. Testlog (JTL) version: 2.2
2024-07-26 14:54:41,542 INFO o.a.j.s.SaveService: Using SaveService properties version 5.0
2024-07-26 14:54:41,542 INFO o.a.j.s.SaveService: Using SaveService properties file encoding UTF-8
2024-07-26 14:54:41,542 INFO o.a.j.s.SaveService: Loading file: D:\Other Tasks\Vertex AI - chatbot\chatbot-testing.jmx
2024-07-26 14:54:41,621 INFO o.a.j.s.SampleResult: Note: Sample TimeStamps are START times
2024-07-26 14:54:41,621 INFO o.a.j.s.SampleResult: sampleresult.default.encoding is set to UTF-8
2024-07-26 14:54:41,621 INFO o.a.j.s.SampleResult: sampleresult.useNanoTime=true
2024-07-26 14:54:41,621 INFO o.a.j.s.SampleResult: sampleresult.nanoThreadSleep=5000
2024-07-26 14:54:41,716 INFO o.a.j.r.ClassFinder: Will scan jar D:\IT\apache-jmeter-5.6.3\lib\ext\jmeter-plugins-casutg-2.10.jar with filter ExtendsClassFilter [parents=[interface org.apache.jmeter.visualizers.ResultRenderer], inner=false, contains=null, notContains=null]. Consider exposing JMeter plugins via META-INF/services, and add JMeter-Skip-Class-Scanning=true manifest attribute so JMeter can skip classfile scanning
2024-07-26 14:54:41,717 INFO o.a.j.r.ClassFinder: Will scan jar D:\IT\apache-jmeter-5.6.3\lib\ext\jmeter-plugins-webdriver-4.13.0.0.jar with filter ExtendsClassFilter [parents=[interface org.apache.jmeter.visualizers.ResultRenderer], inner=false, contains=null, notContains=null]. Consider exposing JMeter plugins via META-INF/services, and add JMeter-Skip-Class-Scanning=true manifest attribute so JMeter can skip classfile scanning
2024-07-26 14:54:41,718 INFO o.a.j.r.ClassFinder: Will scan jar D:\IT\apache-jmeter-5.6.3\lib\ext\jmeter-plugins-manager-1.10.jar with filter ExtendsClassFilter [parents=[interface org.apache.jmeter.visualizers.ResultRenderer], inner=false, contains=null, notContains=null]. Consider exposing JMeter plugins via META-INF/services, and add JMeter-Skip-Class-Scanning=true manifest attribute so JMeter can skip classfile scanning
2024-07-26 14:54:41,731 INFO o.a.j.r.ClassFinder: Will scan jar D:\IT\apache-jmeter-5.6.3\lib\ext\jmeter-plugins-casutg-2.10.jar with filter ExtendsClassFilter [parents=[interface org.apache.jmeter.visualizers.RequestView], inner=false, contains=null, notContains=null]. Consider exposing JMeter plugins via META-INF/services, and add JMeter-Skip-Class-Scanning=true manifest attribute so JMeter can skip classfile scanning
2024-07-26 14:54:41,731 INFO o.a.j.r.ClassFinder: Will scan jar D:\IT\apache-jmeter-5.6.3\lib\ext\jmeter-plugins-webdriver-4.13.0.0.jar with filter ExtendsClassFilter [parents=[interface org.apache.jmeter.visualizers.RequestView], inner=false, contains=null, notContains=null]. Consider exposing JMeter plugins via META-INF/services, and add JMeter-Skip-Class-Scanning=true manifest attribute so JMeter can skip classfile scanning
2024-07-26 14:54:41,731 INFO o.a.j.r.ClassFinder: Will scan jar D:\IT\apache-jmeter-5.6.3\lib\ext\jmeter-plugins-manager-1.10.jar with filter ExtendsClassFilter [parents=[interface org.apache.jmeter.visualizers.RequestView], inner=false, contains=null, notContains=null]. Consider exposing JMeter plugins via META-INF/services, and add JMeter-Skip-Class-Scanning=true manifest attribute so JMeter can skip classfile scanning
2024-07-26 14:54:41,746 INFO o.a.j.s.FileServer: Set new base='D:\Other Tasks\Vertex AI - chatbot'
2024-07-26 14:54:51,854 INFO o.a.j.e.StandardJMeterEngine: Running the test!
2024-07-26 14:54:51,854 INFO o.a.j.s.SampleEvent: List of sample_variables: []
2024-07-26 14:54:51,854 INFO o.a.j.s.SampleEvent: List of sample_variables: []
2024-07-26 14:54:51,854 INFO o.a.j.e.u.CompoundVariable: Note: Function class names must contain the string: '.functions.'
2024-07-26 14:54:51,854 INFO o.a.j.e.u.CompoundVariable: Note: Function class names must not contain the string: '.gui.'
2024-07-26 14:54:51,880 INFO o.a.j.r.ClassFinder: Will scan jar D:\IT\apache-jmeter-5.6.3\lib\ext\jmeter-plugins-casutg-2.10.jar with filter ExtendsClassFilter [parents=[interface org.apache.jmeter.functions.Function], inner=false, contains=null, notContains=null]. Consider exposing JMeter plugins via META-INF/services, and add JMeter-Skip-Class-Scanning=true manifest attribute so JMeter can skip classfile scanning
2024-07-26 14:54:51,880 INFO o.a.j.r.ClassFinder: Will scan jar D:\IT\apache-jmeter-5.6.3\lib\ext\jmeter-plugins-webdriver-4.13.0.0.jar with filter ExtendsClassFilter [parents=[interface org.apache.jmeter.functions.Function], inner=false, contains=null, notContains=null]. Consider exposing JMeter plugins via META-INF/services, and add JMeter-Skip-Class-Scanning=true manifest attribute so JMeter can skip classfile scanning
2024-07-26 14:54:51,880 INFO o.a.j.r.ClassFinder: Will scan jar D:\IT\apache-jmeter-5.6.3\lib\ext\jmeter-plugins-manager-1.10.jar with filter ExtendsClassFilter [parents=[interface org.apache.jmeter.functions.Function], inner=false, contains=null, notContains=null]. Consider exposing JMeter plugins via META-INF/services, and add JMeter-Skip-Class-Scanning=true manifest attribute so JMeter can skip classfile scanning
2024-07-26 14:54:51,880 INFO o.a.j.g.u.JMeterMenuBar: setRunning(true, *local*)
2024-07-26 14:54:51,912 INFO o.a.j.e.StandardJMeterEngine: Starting ThreadGroup: 1 : Thread Group
2024-07-26 14:54:51,912 INFO o.a.j.e.StandardJMeterEngine: Starting 1 threads for group Thread Group.
2024-07-26 14:54:51,912 INFO o.a.j.e.StandardJMeterEngine: Thread will continue on error
2024-07-26 14:54:51,912 INFO o.a.j.t.ThreadGroup: Starting thread group... number=1 threads=1 ramp-up=1 delayedStart=false
2024-07-26 14:54:51,912 INFO o.a.j.t.ThreadGroup: Started thread group number 1
2024-07-26 14:54:51,912 INFO o.a.j.e.StandardJMeterEngine: All thread groups have been started
2024-07-26 14:54:51,912 INFO o.a.j.t.JMeterThread: Thread started: Thread Group 1-1
2024-07-26 14:54:53,420 ERROR c.g.j.p.w.s.WebDriverSampler: In file: inline evaluation of: ``WDS.sampleResult.sampleStart() WDS.browser.get('https://chatbot-test-afinu6c7ja- . . . '' Encountered "WDS" at line 2, column 1.
 in inline evaluation of: ``WDS.sampleResult.sampleStart() WDS.browser.get('https://chatbot-test-afinu6c7ja- . . . '' at line number 2
2024-07-26 14:54:53,420 INFO o.a.j.t.JMeterThread: Thread is done: Thread Group 1-1
2024-07-26 14:54:53,420 INFO o.a.j.t.JMeterThread: Thread finished: Thread Group 1-1
2024-07-26 14:54:53,624 INFO o.a.j.e.StandardJMeterEngine: Notifying test listeners of end of test
2024-07-26 14:54:53,624 INFO o.a.j.g.u.JMeterMenuBar: setRunning(false, *local*)
2024-07-26 14:55:04,071 INFO o.a.j.e.StandardJMeterEngine: Running the test!
2024-07-26 14:55:04,071 INFO o.a.j.s.SampleEvent: List of sample_variables: []
2024-07-26 14:55:04,071 INFO o.a.j.g.u.JMeterMenuBar: setRunning(true, *local*)
2024-07-26 14:55:04,091 INFO o.a.j.e.StandardJMeterEngine: Starting ThreadGroup: 1 : Thread Group
2024-07-26 14:55:04,091 INFO o.a.j.e.StandardJMeterEngine: Starting 1 threads for group Thread Group.
2024-07-26 14:55:04,091 INFO o.a.j.e.StandardJMeterEngine: Thread will continue on error
2024-07-26 14:55:04,091 INFO o.a.j.t.ThreadGroup: Starting thread group... number=1 threads=1 ramp-up=1 delayedStart=false
2024-07-26 14:55:04,091 INFO o.a.j.t.ThreadGroup: Started thread group number 1
2024-07-26 14:55:04,091 INFO o.a.j.e.StandardJMeterEngine: All thread groups have been started
2024-07-26 14:55:04,091 INFO o.a.j.t.JMeterThread: Thread started: Thread Group 1-1
2024-07-26 14:55:05,082 ERROR c.g.j.p.w.s.WebDriverSampler: In file: inline evaluation of: ``WDS.sampleResult.sampleStart() WDS.browser.get('https://chatbot-test-afinu6c7ja- . . . '' Encountered "WDS" at line 2, column 1.
 in inline evaluation of: ``WDS.sampleResult.sampleStart() WDS.browser.get('https://chatbot-test-afinu6c7ja- . . . '' at line number 2
2024-07-26 14:55:05,082 INFO o.a.j.t.JMeterThread: Thread is done: Thread Group 1-1
2024-07-26 14:55:05,082 INFO o.a.j.t.JMeterThread: Thread finished: Thread Group 1-1
2024-07-26 14:55:05,274 INFO o.a.j.e.StandardJMeterEngine: Notifying test listeners of end of test
2024-07-26 14:55:05,274 INFO o.a.j.g.u.JMeterMenuBar: setRunning(false, *local*)
